<?xml version="1.0" encoding="UTF-8"?>
<!-- Generated by org.testng.reporters.JUnitReportReporter -->
<testsuite hostname="PSL-42FZYP3" failures="0" tests="2" name="test.ChakriTest" time="0.010" errors="0" timestamp="2024-06-06T18:23:48 IST" skipped="0">
  <testcase classname="test.ChakriTest" name="chakriPersonalDetails" time="0.001"/>
  <testcase classname="test.ChakriTest" name="chakriHobbies" time="0.009"/>
</testsuite> <!-- test.ChakriTest -->
