<?xml version="1.0" encoding="UTF-8"?>
<!-- Generated by org.testng.reporters.JUnitReportReporter -->
<testsuite hostname="PSL-42FZYP3" failures="0" tests="2" name="org.chakri.com.ChakriTest" time="0.004" errors="0" timestamp="2024-06-06T17:51:00 IST" skipped="0">
  <testcase classname="org.chakri.com.ChakriTest" name="chakriPersonalDetails" time="0.002"/>
  <testcase classname="org.chakri.com.ChakriTest" name="chakriHobbies" time="0.002"/>
</testsuite> <!-- org.chakri.com.ChakriTest -->
