<?xml version="1.0" encoding="UTF-8"?>
<!-- Generated by org.testng.reporters.JUnitReportReporter -->
<testsuite hostname="PSL-42FZYP3" failures="0" tests="2" name="org.chakri.com.SamTest" time="0.007" errors="0" timestamp="2024-06-06T17:51:00 IST" skipped="0">
  <testcase classname="org.chakri.com.SamTest" name="samHobbies" time="0.003"/>
  <testcase classname="org.chakri.com.SamTest" name="samPersonalDetails" time="0.004"/>
</testsuite> <!-- org.chakri.com.SamTest -->
