<?xml version="1.0" encoding="UTF-8"?>
<!-- Generated by org.testng.reporters.JUnitReportReporter -->
<testsuite hostname="PSL-42FZYP3" failures="0" tests="2" name="org.advance.testing.TestNGBasicPrograms" time="0.008" errors="0" timestamp="2024-06-06T17:31:26 IST" skipped="0">
  <testcase classname="org.advance.testing.TestNGBasicPrograms" name="testCase1" time="0.007"/>
  <testcase classname="org.advance.testing.TestNGBasicPrograms" name="testCase2" time="0.001"/>
</testsuite> <!-- org.advance.testing.TestNGBasicPrograms -->
