<?xml version="1.0" encoding="UTF-8"?>
<!-- Generated by org.testng.reporters.JUnitReportReporter -->
<testsuite hostname="PSL-42FZYP3" failures="0" tests="2" name="test.SaiTest" time="0.003" errors="0" timestamp="2024-06-06T18:23:48 IST" skipped="0">
  <testcase classname="test.SaiTest" name="saiHobbies" time="0.002"/>
  <testcase classname="test.SaiTest" name="saiPersonalDetails" time="0.001"/>
</testsuite> <!-- test.SaiTest -->
