<?xml version="1.0" encoding="UTF-8"?>
<!-- Generated by org.testng.reporters.JUnitReportReporter -->
<testsuite hostname="PSL-42FZYP3" failures="0" tests="2" name="org.chakri.com.SaiTest" time="0.003" errors="0" timestamp="2024-06-06T17:45:17 IST" skipped="0">
  <testcase classname="org.chakri.com.SaiTest" name="saiHobbies" time="0.001"/>
  <testcase classname="org.chakri.com.SaiTest" name="saiPersonalDetails" time="0.002"/>
</testsuite> <!-- org.chakri.com.SaiTest -->
