<?xml version="1.0" encoding="UTF-8"?>
<!-- Generated by org.testng.reporters.JUnitReportReporter -->
<testsuite hostname="PSL-42FZYP3" failures="0" tests="2" name="org.chax.testing.StreamsPrograms" time="0.015" errors="0" timestamp="2024-06-06T14:40:45 IST" skipped="0">
  <testcase classname="org.chax.testing.StreamsPrograms" name="stream2" time="0.011"/>
  <testcase classname="org.chax.testing.StreamsPrograms" name="streams" time="0.004"/>
</testsuite> <!-- org.chax.testing.StreamsPrograms -->
