<?xml version="1.0" encoding="UTF-8"?>
<!-- Generated by org.testng.reporters.JUnitReportReporter -->
<testsuite hostname="PSL-42FZYP3" failures="0" tests="1" name="chakri.extentreports.ExtentReportDemo" time="39.962" errors="0" timestamp="2024-06-19T16:11:58 IST" skipped="0">
  <testcase classname="chakri.extentreports.ExtentReportDemo" name="extentReportsDemo" time="39.962"/>
</testsuite> <!-- chakri.extentreports.ExtentReportDemo -->
