<?xml version="1.0" encoding="UTF-8"?>
<!-- Generated by org.testng.reporters.JUnitReportReporter -->
<testsuite hostname="PSL-42FZYP3" failures="0" tests="1" name="chakri.extentreports.ExtentReportDemo" time="25.861" errors="0" timestamp="2024-06-11T15:54:44 IST" skipped="0">
  <testcase classname="chakri.extentreports.ExtentReportDemo" name="extentReportsDemo" time="25.861"/>
</testsuite> <!-- chakri.extentreports.ExtentReportDemo -->
