<?xml version="1.0" encoding="UTF-8"?>
<!-- Generated by org.testng.reporters.JUnitReportReporter -->
<testsuite hostname="PSL-42FZYP3" failures="0" tests="1" name="org.chakri.com.AutomationProject" time="20.043" errors="0" timestamp="2024-06-18T16:15:31 IST" skipped="0">
  <testcase classname="org.chakri.com.AutomationProject" name="standAloneApplication" time="20.043"/>
</testsuite> <!-- org.chakri.com.AutomationProject -->
