<?xml version="1.0" encoding="UTF-8"?>
<!-- Generated by org.testng.reporters.JUnitReportReporter -->
<testsuite hostname="PSL-42FZYP3" failures="0" tests="1" name="org.chakri.com.ShoppingAppTesting" time="39.204" errors="0" timestamp="2024-06-21T17:44:13 IST" skipped="0">
  <testcase classname="org.chakri.com.ShoppingAppTesting" name="ShoppingApplication" time="39.204"/>
</testsuite> <!-- org.chakri.com.ShoppingAppTesting -->
